<?xml version="1.0" encoding="UTF-8"?>
<!-- Generated by org.testng.reporters.JUnitReportReporter -->
<testsuite skipped="0" hostname="INPU10D0015" name="SampleClass" tests="5" failures="0" timestamp="10 Oct 2018 05:43:13 GMT" time="14.485" errors="0">
  <testcase name="f" time="10.515" classname="SampleClass"/>
  <testcase name="LoginCheck" time="1.498" classname="SampleClass"/>
  <testcase name="LoginIncorrectUserName" time="0.837" classname="SampleClass"/>
  <testcase name="LoginIncorrectPassword" time="0.846" classname="SampleClass"/>
  <testcase name="LoginEmptyFieldUsername" time="0.789" classname="SampleClass"/>
</testsuite> <!-- SampleClass -->
